<?xml version="1.0" encoding="UTF-8"?>
<testng-results ignored="0" total="1" passed="1" failed="0" skipped="0">
  <reporter-output>
  </reporter-output>
  <suite started-at="2024-11-13T17:08:21 MSK" name="Surefire suite" finished-at="2024-11-13T17:08:24 MSK" duration-ms="2727">
    <groups>
    </groups>
    <test started-at="2024-11-13T17:08:21 MSK" name="Surefire test" finished-at="2024-11-13T17:08:24 MSK" duration-ms="2727">
      <class name="tests.BookingApiTest">
        <test-method is-config="true" signature="setup()[pri:0, instance:tests.BookingApiTest@505fc5a4]" started-at="2024-11-13T17:08:21 MSK" name="setup" finished-at="2024-11-13T17:08:21 MSK" duration-ms="792" status="PASS">
          <reporter-output>
          </reporter-output>
        </test-method> <!-- setup -->
        <test-method signature="getBooking()[pri:0, instance:tests.BookingApiTest@505fc5a4]" started-at="2024-11-13T17:08:21 MSK" name="getBooking" finished-at="2024-11-13T17:08:24 MSK" duration-ms="2575" status="PASS">
          <reporter-output>
          </reporter-output>
        </test-method> <!-- getBooking -->
      </class> <!-- tests.BookingApiTest -->
    </test> <!-- Surefire test -->
  </suite> <!-- Surefire suite -->
</testng-results>
